The system is: Linux - 4.16.0-041600-generic - x86_64
Compiling the C compiler identification source file "CMakeCCompilerId.c" succeeded.
Compiler: /usr/local/opt/gcc-5.3.0-64/bin/gcc 
Build flags: 
Id flags:  

The output was:
0


Compilation of the C compiler identification source "CMakeCCompilerId.c" produced "a.out"

The C compiler identification is GNU, found in "/home/a52hepof/asignaturas/segundo/2t/ED_2023/build-packet_processor-Desktop_Qt_5_14_1_GCC_64bit-Debug/CMakeFiles/3.22.3/CompilerIdC/a.out"

Compiling the CXX compiler identification source file "CMakeCXXCompilerId.cpp" succeeded.
Compiler: /usr/local/opt/gcc-5.3.0-64/bin/g++ 
Build flags: 
Id flags:  

The output was:
0


Compilation of the CXX compiler identification source "CMakeCXXCompilerId.cpp" produced "a.out"

The CXX compiler identification is GNU, found in "/home/a52hepof/asignaturas/segundo/2t/ED_2023/build-packet_processor-Desktop_Qt_5_14_1_GCC_64bit-Debug/CMakeFiles/3.22.3/CompilerIdCXX/a.out"

Detecting C compiler ABI info compiled with the following output:
Change Dir: /home/a52hepof/asignaturas/segundo/2t/ED_2023/build-packet_processor-Desktop_Qt_5_14_1_GCC_64bit-Debug/CMakeFiles/CMakeTmp

Run Build Command(s):/usr/local/bin/ninja cmTC_7ee9f && [1/2] Building C object CMakeFiles/cmTC_7ee9f.dir/CMakeCCompilerABI.c.o
Using built-in specs.
COLLECT_GCC=/usr/local/opt/gcc-5.3.0-64/bin/gcc
Target: x86_64-unknown-linux-gnu
Configured with: ../gcc-5.3.0/configure --prefix=/usr/local/opt/gcc-5.3.0-64 --x-includes=/usr/local/X11R7/include --x-libraries=/usr/local/X11R7/lib --enable-tls --enable-languages=c,c++ --enable-multiarch --disable-bootstrap
Thread model: posix
gcc version 5.3.0 (GCC) 
COLLECT_GCC_OPTIONS='-v' '-o' 'CMakeFiles/cmTC_7ee9f.dir/CMakeCCompilerABI.c.o' '-c' '-mtune=generic' '-march=x86-64'
 /usr/local/opt/gcc-5.3.0-64/libexec/gcc/x86_64-unknown-linux-gnu/5.3.0/cc1 -quiet -v -imultiarch x86_64-linux-gnu /usr/local/share/cmake-3.22/Modules/CMakeCCompilerABI.c -quiet -dumpbase CMakeCCompilerABI.c -mtune=generic -march=x86-64 -auxbase-strip CMakeFiles/cmTC_7ee9f.dir/CMakeCCompilerABI.c.o -version -o /tmp/ccE5DOm2.s
GNU C11 (GCC) version 5.3.0 (x86_64-unknown-linux-gnu)
	compiled by GNU C version 5.3.0, GMP version 5.0.5, MPFR version 3.1.0, MPC version 0.9
warning: GMP header version 5.0.5 differs from library version 6.2.0.
GGC heuristics: --param ggc-min-expand=100 --param ggc-min-heapsize=131072
ignoring nonexistent directory "/usr/local/opt/gcc-5.3.0-64/lib/gcc/x86_64-unknown-linux-gnu/5.3.0/../../../../x86_64-unknown-linux-gnu/include"
ignoring duplicate directory "/usr/include/x86_64-linux-gnu"
ignoring duplicate directory "/usr/include"
#include "..." search starts here:
#include <...> search starts here:
 /usr/local/opt/gcc-5.3.0-64/lib/gcc/x86_64-unknown-linux-gnu/5.3.0/include
 /usr/local/include/x86_64-linux-gnu
 /usr/local/include
 /usr/local/opt/gcc-5.3.0-64/include
 /usr/local/opt/gcc-5.3.0-64/lib/gcc/x86_64-unknown-linux-gnu/5.3.0/include-fixed
End of search list.
GNU C11 (GCC) version 5.3.0 (x86_64-unknown-linux-gnu)
	compiled by GNU C version 5.3.0, GMP version 5.0.5, MPFR version 3.1.0, MPC version 0.9
warning: GMP header version 5.0.5 differs from library version 6.2.0.
GGC heuristics: --param ggc-min-expand=100 --param ggc-min-heapsize=131072
Compiler executable checksum: 67d25c6f62857b0cf1a8960e2c60682e
COLLECT_GCC_OPTIONS='-v' '-o' 'CMakeFiles/cmTC_7ee9f.dir/CMakeCCompilerABI.c.o' '-c' '-mtune=generic' '-march=x86-64'
 as -v --64 -o CMakeFiles/cmTC_7ee9f.dir/CMakeCCompilerABI.c.o /tmp/ccE5DOm2.s
GNU assembler version 2.27 (x86_64-pc-linux-gnu) using BFD version (GNU Binutils) 2.27
COMPILER_PATH=/usr/local/opt/gcc-5.3.0-64/libexec/gcc/x86_64-unknown-linux-gnu/5.3.0/:/usr/local/opt/gcc-5.3.0-64/libexec/gcc/x86_64-unknown-linux-gnu/5.3.0/:/usr/local/opt/gcc-5.3.0-64/libexec/gcc/x86_64-unknown-linux-gnu/:/usr/local/opt/gcc-5.3.0-64/lib/gcc/x86_64-unknown-linux-gnu/5.3.0/:/usr/local/opt/gcc-5.3.0-64/lib/gcc/x86_64-unknown-linux-gnu/
LIBRARY_PATH=/usr/local/opt/gcc-5.3.0-64/lib/gcc/x86_64-unknown-linux-gnu/5.3.0/:/usr/local/opt/gcc-5.3.0-64/lib/gcc/x86_64-unknown-linux-gnu/5.3.0/../../../../lib64/:/lib/x86_64-linux-gnu/:/lib/../lib64/:/usr/lib/x86_64-linux-gnu/:/usr/lib/../lib64/:/usr/local/opt/gcc-5.3.0-64/lib/gcc/x86_64-unknown-linux-gnu/5.3.0/../../../:/lib/:/usr/lib/
COLLECT_GCC_OPTIONS='-v' '-o' 'CMakeFiles/cmTC_7ee9f.dir/CMakeCCompilerABI.c.o' '-c' '-mtune=generic' '-march=x86-64'
[2/2] Linking C executable cmTC_7ee9f
Using built-in specs.
COLLECT_GCC=/usr/local/opt/gcc-5.3.0-64/bin/gcc
COLLECT_LTO_WRAPPER=/usr/local/opt/gcc-5.3.0-64/libexec/gcc/x86_64-unknown-linux-gnu/5.3.0/lto-wrapper
Target: x86_64-unknown-linux-gnu
Configured with: ../gcc-5.3.0/configure --prefix=/usr/local/opt/gcc-5.3.0-64 --x-includes=/usr/local/X11R7/include --x-libraries=/usr/local/X11R7/lib --enable-tls --enable-languages=c,c++ --enable-multiarch --disable-bootstrap
Thread model: posix
gcc version 5.3.0 (GCC) 
COMPILER_PATH=/usr/local/opt/gcc-5.3.0-64/libexec/gcc/x86_64-unknown-linux-gnu/5.3.0/:/usr/local/opt/gcc-5.3.0-64/libexec/gcc/x86_64-unknown-linux-gnu/5.3.0/:/usr/local/opt/gcc-5.3.0-64/libexec/gcc/x86_64-unknown-linux-gnu/:/usr/local/opt/gcc-5.3.0-64/lib/gcc/x86_64-unknown-linux-gnu/5.3.0/:/usr/local/opt/gcc-5.3.0-64/lib/gcc/x86_64-unknown-linux-gnu/
LIBRARY_PATH=/usr/local/opt/gcc-5.3.0-64/lib/gcc/x86_64-unknown-linux-gnu/5.3.0/:/usr/local/opt/gcc-5.3.0-64/lib/gcc/x86_64-unknown-linux-gnu/5.3.0/../../../../lib64/:/lib/x86_64-linux-gnu/:/lib/../lib64/:/usr/lib/x86_64-linux-gnu/:/usr/lib/../lib64/:/usr/local/opt/gcc-5.3.0-64/lib/gcc/x86_64-unknown-linux-gnu/5.3.0/../../../:/lib/:/usr/lib/
COLLECT_GCC_OPTIONS='-v' '-rdynamic' '-o' 'cmTC_7ee9f' '-mtune=generic' '-march=x86-64'
 /usr/local/opt/gcc-5.3.0-64/libexec/gcc/x86_64-unknown-linux-gnu/5.3.0/collect2 -plugin /usr/local/opt/gcc-5.3.0-64/libexec/gcc/x86_64-unknown-linux-gnu/5.3.0/liblto_plugin.so -plugin-opt=/usr/local/opt/gcc-5.3.0-64/libexec/gcc/x86_64-unknown-linux-gnu/5.3.0/lto-wrapper -plugin-opt=-fresolution=/tmp/ccFkirC4.res -plugin-opt=-pass-through=-lgcc -plugin-opt=-pass-through=-lgcc_s -plugin-opt=-pass-through=-lc -plugin-opt=-pass-through=-lgcc -plugin-opt=-pass-through=-lgcc_s --eh-frame-hdr -m elf_x86_64 -export-dynamic -dynamic-linker /lib64/ld-linux-x86-64.so.2 -o cmTC_7ee9f /lib/x86_64-linux-gnu/crt1.o /lib/x86_64-linux-gnu/crti.o /usr/local/opt/gcc-5.3.0-64/lib/gcc/x86_64-unknown-linux-gnu/5.3.0/crtbegin.o -L/usr/local/opt/gcc-5.3.0-64/lib/gcc/x86_64-unknown-linux-gnu/5.3.0 -L/usr/local/opt/gcc-5.3.0-64/lib/gcc/x86_64-unknown-linux-gnu/5.3.0/../../../../lib64 -L/lib/x86_64-linux-gnu -L/lib/../lib64 -L/usr/lib/x86_64-linux-gnu -L/usr/lib/../lib64 -L/usr/local/opt/gcc-5.3.0-64/lib/gcc/x86_64-unknown-linux-gnu/5.3.0/../../.. CMakeFiles/cmTC_7ee9f.dir/CMakeCCompilerABI.c.o -lgcc --as-needed -lgcc_s --no-as-needed -lc -lgcc --as-needed -lgcc_s --no-as-needed /usr/local/opt/gcc-5.3.0-64/lib/gcc/x86_64-unknown-linux-gnu/5.3.0/crtend.o /lib/x86_64-linux-gnu/crtn.o



Parsed C implicit include dir info from above output: rv=done
  found start of include info
  found start of implicit include info
    add: [/usr/local/opt/gcc-5.3.0-64/lib/gcc/x86_64-unknown-linux-gnu/5.3.0/include]
    add: [/usr/local/include/x86_64-linux-gnu]
    add: [/usr/local/include]
    add: [/usr/local/opt/gcc-5.3.0-64/include]
    add: [/usr/local/opt/gcc-5.3.0-64/lib/gcc/x86_64-unknown-linux-gnu/5.3.0/include-fixed]
  end of search list found
  collapse include dir [/usr/local/opt/gcc-5.3.0-64/lib/gcc/x86_64-unknown-linux-gnu/5.3.0/include] ==> [/usr/local/opt/gcc-5.3.0-64/lib/gcc/x86_64-unknown-linux-gnu/5.3.0/include]
  collapse include dir [/usr/local/include/x86_64-linux-gnu] ==> [/usr/local/include/x86_64-linux-gnu]
  collapse include dir [/usr/local/include] ==> [/usr/local/include]
  collapse include dir [/usr/local/opt/gcc-5.3.0-64/include] ==> [/usr/local/opt/gcc-5.3.0-64/include]
  collapse include dir [/usr/local/opt/gcc-5.3.0-64/lib/gcc/x86_64-unknown-linux-gnu/5.3.0/include-fixed] ==> [/usr/local/opt/gcc-5.3.0-64/lib/gcc/x86_64-unknown-linux-gnu/5.3.0/include-fixed]
  implicit include dirs: [/usr/local/opt/gcc-5.3.0-64/lib/gcc/x86_64-unknown-linux-gnu/5.3.0/include;/usr/local/include/x86_64-linux-gnu;/usr/local/include;/usr/local/opt/gcc-5.3.0-64/include;/usr/local/opt/gcc-5.3.0-64/lib/gcc/x86_64-unknown-linux-gnu/5.3.0/include-fixed]


Parsed C implicit link information from above output:
  link line regex: [^( *|.*[/\])(ld|CMAKE_LINK_STARTFILE-NOTFOUND|([^/\]+-)?ld|collect2)[^/\]*( |$)]
  ignore line: [Change Dir: /home/a52hepof/asignaturas/segundo/2t/ED_2023/build-packet_processor-Desktop_Qt_5_14_1_GCC_64bit-Debug/CMakeFiles/CMakeTmp]
  ignore line: []
  ignore line: [Run Build Command(s):/usr/local/bin/ninja cmTC_7ee9f && [1/2] Building C object CMakeFiles/cmTC_7ee9f.dir/CMakeCCompilerABI.c.o]
  ignore line: [Using built-in specs.]
  ignore line: [COLLECT_GCC=/usr/local/opt/gcc-5.3.0-64/bin/gcc]
  ignore line: [Target: x86_64-unknown-linux-gnu]
  ignore line: [Configured with: ../gcc-5.3.0/configure --prefix=/usr/local/opt/gcc-5.3.0-64 --x-includes=/usr/local/X11R7/include --x-libraries=/usr/local/X11R7/lib --enable-tls --enable-languages=c c++ --enable-multiarch --disable-bootstrap]
  ignore line: [Thread model: posix]
  ignore line: [gcc version 5.3.0 (GCC) ]
  ignore line: [COLLECT_GCC_OPTIONS='-v' '-o' 'CMakeFiles/cmTC_7ee9f.dir/CMakeCCompilerABI.c.o' '-c' '-mtune=generic' '-march=x86-64']
  ignore line: [ /usr/local/opt/gcc-5.3.0-64/libexec/gcc/x86_64-unknown-linux-gnu/5.3.0/cc1 -quiet -v -imultiarch x86_64-linux-gnu /usr/local/share/cmake-3.22/Modules/CMakeCCompilerABI.c -quiet -dumpbase CMakeCCompilerABI.c -mtune=generic -march=x86-64 -auxbase-strip CMakeFiles/cmTC_7ee9f.dir/CMakeCCompilerABI.c.o -version -o /tmp/ccE5DOm2.s]
  ignore line: [GNU C11 (GCC) version 5.3.0 (x86_64-unknown-linux-gnu)]
  ignore line: [	compiled by GNU C version 5.3.0  GMP version 5.0.5  MPFR version 3.1.0  MPC version 0.9]
  ignore line: [warning: GMP header version 5.0.5 differs from library version 6.2.0.]
  ignore line: [GGC heuristics: --param ggc-min-expand=100 --param ggc-min-heapsize=131072]
  ignore line: [ignoring nonexistent directory "/usr/local/opt/gcc-5.3.0-64/lib/gcc/x86_64-unknown-linux-gnu/5.3.0/../../../../x86_64-unknown-linux-gnu/include"]
  ignore line: [ignoring duplicate directory "/usr/include/x86_64-linux-gnu"]
  ignore line: [ignoring duplicate directory "/usr/include"]
  ignore line: [#include "..." search starts here:]
  ignore line: [#include <...> search starts here:]
  ignore line: [ /usr/local/opt/gcc-5.3.0-64/lib/gcc/x86_64-unknown-linux-gnu/5.3.0/include]
  ignore line: [ /usr/local/include/x86_64-linux-gnu]
  ignore line: [ /usr/local/include]
  ignore line: [ /usr/local/opt/gcc-5.3.0-64/include]
  ignore line: [ /usr/local/opt/gcc-5.3.0-64/lib/gcc/x86_64-unknown-linux-gnu/5.3.0/include-fixed]
  ignore line: [End of search list.]
  ignore line: [GNU C11 (GCC) version 5.3.0 (x86_64-unknown-linux-gnu)]
  ignore line: [	compiled by GNU C version 5.3.0  GMP version 5.0.5  MPFR version 3.1.0  MPC version 0.9]
  ignore line: [warning: GMP header version 5.0.5 differs from library version 6.2.0.]
  ignore line: [GGC heuristics: --param ggc-min-expand=100 --param ggc-min-heapsize=131072]
  ignore line: [Compiler executable checksum: 67d25c6f62857b0cf1a8960e2c60682e]
  ignore line: [COLLECT_GCC_OPTIONS='-v' '-o' 'CMakeFiles/cmTC_7ee9f.dir/CMakeCCompilerABI.c.o' '-c' '-mtune=generic' '-march=x86-64']
  ignore line: [ as -v --64 -o CMakeFiles/cmTC_7ee9f.dir/CMakeCCompilerABI.c.o /tmp/ccE5DOm2.s]
  ignore line: [GNU assembler version 2.27 (x86_64-pc-linux-gnu) using BFD version (GNU Binutils) 2.27]
  ignore line: [COMPILER_PATH=/usr/local/opt/gcc-5.3.0-64/libexec/gcc/x86_64-unknown-linux-gnu/5.3.0/:/usr/local/opt/gcc-5.3.0-64/libexec/gcc/x86_64-unknown-linux-gnu/5.3.0/:/usr/local/opt/gcc-5.3.0-64/libexec/gcc/x86_64-unknown-linux-gnu/:/usr/local/opt/gcc-5.3.0-64/lib/gcc/x86_64-unknown-linux-gnu/5.3.0/:/usr/local/opt/gcc-5.3.0-64/lib/gcc/x86_64-unknown-linux-gnu/]
  ignore line: [LIBRARY_PATH=/usr/local/opt/gcc-5.3.0-64/lib/gcc/x86_64-unknown-linux-gnu/5.3.0/:/usr/local/opt/gcc-5.3.0-64/lib/gcc/x86_64-unknown-linux-gnu/5.3.0/../../../../lib64/:/lib/x86_64-linux-gnu/:/lib/../lib64/:/usr/lib/x86_64-linux-gnu/:/usr/lib/../lib64/:/usr/local/opt/gcc-5.3.0-64/lib/gcc/x86_64-unknown-linux-gnu/5.3.0/../../../:/lib/:/usr/lib/]
  ignore line: [COLLECT_GCC_OPTIONS='-v' '-o' 'CMakeFiles/cmTC_7ee9f.dir/CMakeCCompilerABI.c.o' '-c' '-mtune=generic' '-march=x86-64']
  ignore line: [[2/2] Linking C executable cmTC_7ee9f]
  ignore line: [Using built-in specs.]
  ignore line: [COLLECT_GCC=/usr/local/opt/gcc-5.3.0-64/bin/gcc]
  ignore line: [COLLECT_LTO_WRAPPER=/usr/local/opt/gcc-5.3.0-64/libexec/gcc/x86_64-unknown-linux-gnu/5.3.0/lto-wrapper]
  ignore line: [Target: x86_64-unknown-linux-gnu]
  ignore line: [Configured with: ../gcc-5.3.0/configure --prefix=/usr/local/opt/gcc-5.3.0-64 --x-includes=/usr/local/X11R7/include --x-libraries=/usr/local/X11R7/lib --enable-tls --enable-languages=c c++ --enable-multiarch --disable-bootstrap]
  ignore line: [Thread model: posix]
  ignore line: [gcc version 5.3.0 (GCC) ]
  ignore line: [COMPILER_PATH=/usr/local/opt/gcc-5.3.0-64/libexec/gcc/x86_64-unknown-linux-gnu/5.3.0/:/usr/local/opt/gcc-5.3.0-64/libexec/gcc/x86_64-unknown-linux-gnu/5.3.0/:/usr/local/opt/gcc-5.3.0-64/libexec/gcc/x86_64-unknown-linux-gnu/:/usr/local/opt/gcc-5.3.0-64/lib/gcc/x86_64-unknown-linux-gnu/5.3.0/:/usr/local/opt/gcc-5.3.0-64/lib/gcc/x86_64-unknown-linux-gnu/]
  ignore line: [LIBRARY_PATH=/usr/local/opt/gcc-5.3.0-64/lib/gcc/x86_64-unknown-linux-gnu/5.3.0/:/usr/local/opt/gcc-5.3.0-64/lib/gcc/x86_64-unknown-linux-gnu/5.3.0/../../../../lib64/:/lib/x86_64-linux-gnu/:/lib/../lib64/:/usr/lib/x86_64-linux-gnu/:/usr/lib/../lib64/:/usr/local/opt/gcc-5.3.0-64/lib/gcc/x86_64-unknown-linux-gnu/5.3.0/../../../:/lib/:/usr/lib/]
  ignore line: [COLLECT_GCC_OPTIONS='-v' '-rdynamic' '-o' 'cmTC_7ee9f' '-mtune=generic' '-march=x86-64']
  link line: [ /usr/local/opt/gcc-5.3.0-64/libexec/gcc/x86_64-unknown-linux-gnu/5.3.0/collect2 -plugin /usr/local/opt/gcc-5.3.0-64/libexec/gcc/x86_64-unknown-linux-gnu/5.3.0/liblto_plugin.so -plugin-opt=/usr/local/opt/gcc-5.3.0-64/libexec/gcc/x86_64-unknown-linux-gnu/5.3.0/lto-wrapper -plugin-opt=-fresolution=/tmp/ccFkirC4.res -plugin-opt=-pass-through=-lgcc -plugin-opt=-pass-through=-lgcc_s -plugin-opt=-pass-through=-lc -plugin-opt=-pass-through=-lgcc -plugin-opt=-pass-through=-lgcc_s --eh-frame-hdr -m elf_x86_64 -export-dynamic -dynamic-linker /lib64/ld-linux-x86-64.so.2 -o cmTC_7ee9f /lib/x86_64-linux-gnu/crt1.o /lib/x86_64-linux-gnu/crti.o /usr/local/opt/gcc-5.3.0-64/lib/gcc/x86_64-unknown-linux-gnu/5.3.0/crtbegin.o -L/usr/local/opt/gcc-5.3.0-64/lib/gcc/x86_64-unknown-linux-gnu/5.3.0 -L/usr/local/opt/gcc-5.3.0-64/lib/gcc/x86_64-unknown-linux-gnu/5.3.0/../../../../lib64 -L/lib/x86_64-linux-gnu -L/lib/../lib64 -L/usr/lib/x86_64-linux-gnu -L/usr/lib/../lib64 -L/usr/local/opt/gcc-5.3.0-64/lib/gcc/x86_64-unknown-linux-gnu/5.3.0/../../.. CMakeFiles/cmTC_7ee9f.dir/CMakeCCompilerABI.c.o -lgcc --as-needed -lgcc_s --no-as-needed -lc -lgcc --as-needed -lgcc_s --no-as-needed /usr/local/opt/gcc-5.3.0-64/lib/gcc/x86_64-unknown-linux-gnu/5.3.0/crtend.o /lib/x86_64-linux-gnu/crtn.o]
    arg [/usr/local/opt/gcc-5.3.0-64/libexec/gcc/x86_64-unknown-linux-gnu/5.3.0/collect2] ==> ignore
    arg [-plugin] ==> ignore
    arg [/usr/local/opt/gcc-5.3.0-64/libexec/gcc/x86_64-unknown-linux-gnu/5.3.0/liblto_plugin.so] ==> ignore
    arg [-plugin-opt=/usr/local/opt/gcc-5.3.0-64/libexec/gcc/x86_64-unknown-linux-gnu/5.3.0/lto-wrapper] ==> ignore
    arg [-plugin-opt=-fresolution=/tmp/ccFkirC4.res] ==> ignore
    arg [-plugin-opt=-pass-through=-lgcc] ==> ignore
    arg [-plugin-opt=-pass-through=-lgcc_s] ==> ignore
    arg [-plugin-opt=-pass-through=-lc] ==> ignore
    arg [-plugin-opt=-pass-through=-lgcc] ==> ignore
    arg [-plugin-opt=-pass-through=-lgcc_s] ==> ignore
    arg [--eh-frame-hdr] ==> ignore
    arg [-m] ==> ignore
    arg [elf_x86_64] ==> ignore
    arg [-export-dynamic] ==> ignore
    arg [-dynamic-linker] ==> ignore
    arg [/lib64/ld-linux-x86-64.so.2] ==> ignore
    arg [-o] ==> ignore
    arg [cmTC_7ee9f] ==> ignore
    arg [/lib/x86_64-linux-gnu/crt1.o] ==> obj [/lib/x86_64-linux-gnu/crt1.o]
    arg [/lib/x86_64-linux-gnu/crti.o] ==> obj [/lib/x86_64-linux-gnu/crti.o]
    arg [/usr/local/opt/gcc-5.3.0-64/lib/gcc/x86_64-unknown-linux-gnu/5.3.0/crtbegin.o] ==> obj [/usr/local/opt/gcc-5.3.0-64/lib/gcc/x86_64-unknown-linux-gnu/5.3.0/crtbegin.o]
    arg [-L/usr/local/opt/gcc-5.3.0-64/lib/gcc/x86_64-unknown-linux-gnu/5.3.0] ==> dir [/usr/local/opt/gcc-5.3.0-64/lib/gcc/x86_64-unknown-linux-gnu/5.3.0]
    arg [-L/usr/local/opt/gcc-5.3.0-64/lib/gcc/x86_64-unknown-linux-gnu/5.3.0/../../../../lib64] ==> dir [/usr/local/opt/gcc-5.3.0-64/lib/gcc/x86_64-unknown-linux-gnu/5.3.0/../../../../lib64]
    arg [-L/lib/x86_64-linux-gnu] ==> dir [/lib/x86_64-linux-gnu]
    arg [-L/lib/../lib64] ==> dir [/lib/../lib64]
    arg [-L/usr/lib/x86_64-linux-gnu] ==> dir [/usr/lib/x86_64-linux-gnu]
    arg [-L/usr/lib/../lib64] ==> dir [/usr/lib/../lib64]
    arg [-L/usr/local/opt/gcc-5.3.0-64/lib/gcc/x86_64-unknown-linux-gnu/5.3.0/../../..] ==> dir [/usr/local/opt/gcc-5.3.0-64/lib/gcc/x86_64-unknown-linux-gnu/5.3.0/../../..]
    arg [CMakeFiles/cmTC_7ee9f.dir/CMakeCCompilerABI.c.o] ==> ignore
    arg [-lgcc] ==> lib [gcc]
    arg [--as-needed] ==> ignore
    arg [-lgcc_s] ==> lib [gcc_s]
    arg [--no-as-needed] ==> ignore
    arg [-lc] ==> lib [c]
    arg [-lgcc] ==> lib [gcc]
    arg [--as-needed] ==> ignore
    arg [-lgcc_s] ==> lib [gcc_s]
    arg [--no-as-needed] ==> ignore
    arg [/usr/local/opt/gcc-5.3.0-64/lib/gcc/x86_64-unknown-linux-gnu/5.3.0/crtend.o] ==> obj [/usr/local/opt/gcc-5.3.0-64/lib/gcc/x86_64-unknown-linux-gnu/5.3.0/crtend.o]
    arg [/lib/x86_64-linux-gnu/crtn.o] ==> obj [/lib/x86_64-linux-gnu/crtn.o]
  collapse library dir [/usr/local/opt/gcc-5.3.0-64/lib/gcc/x86_64-unknown-linux-gnu/5.3.0] ==> [/usr/local/opt/gcc-5.3.0-64/lib/gcc/x86_64-unknown-linux-gnu/5.3.0]
  collapse library dir [/usr/local/opt/gcc-5.3.0-64/lib/gcc/x86_64-unknown-linux-gnu/5.3.0/../../../../lib64] ==> [/usr/local/opt/gcc-5.3.0-64/lib64]
  collapse library dir [/lib/x86_64-linux-gnu] ==> [/lib/x86_64-linux-gnu]
  collapse library dir [/lib/../lib64] ==> [/lib64]
  collapse library dir [/usr/lib/x86_64-linux-gnu] ==> [/usr/lib/x86_64-linux-gnu]
  collapse library dir [/usr/lib/../lib64] ==> [/usr/lib64]
  collapse library dir [/usr/local/opt/gcc-5.3.0-64/lib/gcc/x86_64-unknown-linux-gnu/5.3.0/../../..] ==> [/usr/local/opt/gcc-5.3.0-64/lib]
  implicit libs: [gcc;gcc_s;c;gcc;gcc_s]
  implicit objs: [/lib/x86_64-linux-gnu/crt1.o;/lib/x86_64-linux-gnu/crti.o;/usr/local/opt/gcc-5.3.0-64/lib/gcc/x86_64-unknown-linux-gnu/5.3.0/crtbegin.o;/usr/local/opt/gcc-5.3.0-64/lib/gcc/x86_64-unknown-linux-gnu/5.3.0/crtend.o;/lib/x86_64-linux-gnu/crtn.o]
  implicit dirs: [/usr/local/opt/gcc-5.3.0-64/lib/gcc/x86_64-unknown-linux-gnu/5.3.0;/usr/local/opt/gcc-5.3.0-64/lib64;/lib/x86_64-linux-gnu;/lib64;/usr/lib/x86_64-linux-gnu;/usr/lib64;/usr/local/opt/gcc-5.3.0-64/lib]
  implicit fwks: []


Detecting CXX compiler ABI info compiled with the following output:
Change Dir: /home/a52hepof/asignaturas/segundo/2t/ED_2023/build-packet_processor-Desktop_Qt_5_14_1_GCC_64bit-Debug/CMakeFiles/CMakeTmp

Run Build Command(s):/usr/local/bin/ninja cmTC_38492 && [1/2] Building CXX object CMakeFiles/cmTC_38492.dir/CMakeCXXCompilerABI.cpp.o
Using built-in specs.
COLLECT_GCC=/usr/local/opt/gcc-5.3.0-64/bin/g++
Target: x86_64-unknown-linux-gnu
Configured with: ../gcc-5.3.0/configure --prefix=/usr/local/opt/gcc-5.3.0-64 --x-includes=/usr/local/X11R7/include --x-libraries=/usr/local/X11R7/lib --enable-tls --enable-languages=c,c++ --enable-multiarch --disable-bootstrap
Thread model: posix
gcc version 5.3.0 (GCC) 
COLLECT_GCC_OPTIONS='-v' '-o' 'CMakeFiles/cmTC_38492.dir/CMakeCXXCompilerABI.cpp.o' '-c' '-shared-libgcc' '-mtune=generic' '-march=x86-64'
 /usr/local/opt/gcc-5.3.0-64/libexec/gcc/x86_64-unknown-linux-gnu/5.3.0/cc1plus -quiet -v -imultiarch x86_64-linux-gnu -D_GNU_SOURCE /usr/local/share/cmake-3.22/Modules/CMakeCXXCompilerABI.cpp -quiet -dumpbase CMakeCXXCompilerABI.cpp -mtune=generic -march=x86-64 -auxbase-strip CMakeFiles/cmTC_38492.dir/CMakeCXXCompilerABI.cpp.o -version -o /tmp/ccWuRe5n.s
GNU C++ (GCC) version 5.3.0 (x86_64-unknown-linux-gnu)
	compiled by GNU C version 5.3.0, GMP version 5.0.5, MPFR version 3.1.0, MPC version 0.9
warning: GMP header version 5.0.5 differs from library version 6.2.0.
GGC heuristics: --param ggc-min-expand=100 --param ggc-min-heapsize=131072
ignoring nonexistent directory "/usr/local/opt/gcc-5.3.0-64/lib/gcc/x86_64-unknown-linux-gnu/5.3.0/../../../../x86_64-unknown-linux-gnu/include"
ignoring duplicate directory "/usr/include/x86_64-linux-gnu"
ignoring duplicate directory "/usr/include"
#include "..." search starts here:
#include <...> search starts here:
 /usr/local/opt/gcc-5.3.0-64/lib/gcc/x86_64-unknown-linux-gnu/5.3.0/../../../../include/c++/5.3.0
 /usr/local/opt/gcc-5.3.0-64/lib/gcc/x86_64-unknown-linux-gnu/5.3.0/../../../../include/c++/5.3.0/x86_64-unknown-linux-gnu
 /usr/local/opt/gcc-5.3.0-64/lib/gcc/x86_64-unknown-linux-gnu/5.3.0/../../../../include/c++/5.3.0/backward
 /usr/local/opt/gcc-5.3.0-64/lib/gcc/x86_64-unknown-linux-gnu/5.3.0/include
 /usr/local/include/x86_64-linux-gnu
 /usr/local/include
 /usr/local/opt/gcc-5.3.0-64/include
 /usr/local/opt/gcc-5.3.0-64/lib/gcc/x86_64-unknown-linux-gnu/5.3.0/include-fixed
End of search list.
GNU C++ (GCC) version 5.3.0 (x86_64-unknown-linux-gnu)
	compiled by GNU C version 5.3.0, GMP version 5.0.5, MPFR version 3.1.0, MPC version 0.9
warning: GMP header version 5.0.5 differs from library version 6.2.0.
GGC heuristics: --param ggc-min-expand=100 --param ggc-min-heapsize=131072
Compiler executable checksum: dc03e6a28b05b26a335c9bd5fa4a156b
COLLECT_GCC_OPTIONS='-v' '-o' 'CMakeFiles/cmTC_38492.dir/CMakeCXXCompilerABI.cpp.o' '-c' '-shared-libgcc' '-mtune=generic' '-march=x86-64'
 as -v --64 -o CMakeFiles/cmTC_38492.dir/CMakeCXXCompilerABI.cpp.o /tmp/ccWuRe5n.s
GNU assembler version 2.27 (x86_64-pc-linux-gnu) using BFD version (GNU Binutils) 2.27
COMPILER_PATH=/usr/local/opt/gcc-5.3.0-64/libexec/gcc/x86_64-unknown-linux-gnu/5.3.0/:/usr/local/opt/gcc-5.3.0-64/libexec/gcc/x86_64-unknown-linux-gnu/5.3.0/:/usr/local/opt/gcc-5.3.0-64/libexec/gcc/x86_64-unknown-linux-gnu/:/usr/local/opt/gcc-5.3.0-64/lib/gcc/x86_64-unknown-linux-gnu/5.3.0/:/usr/local/opt/gcc-5.3.0-64/lib/gcc/x86_64-unknown-linux-gnu/
LIBRARY_PATH=/usr/local/opt/gcc-5.3.0-64/lib/gcc/x86_64-unknown-linux-gnu/5.3.0/:/usr/local/opt/gcc-5.3.0-64/lib/gcc/x86_64-unknown-linux-gnu/5.3.0/../../../../lib64/:/lib/x86_64-linux-gnu/:/lib/../lib64/:/usr/lib/x86_64-linux-gnu/:/usr/lib/../lib64/:/usr/local/opt/gcc-5.3.0-64/lib/gcc/x86_64-unknown-linux-gnu/5.3.0/../../../:/lib/:/usr/lib/
COLLECT_GCC_OPTIONS='-v' '-o' 'CMakeFiles/cmTC_38492.dir/CMakeCXXCompilerABI.cpp.o' '-c' '-shared-libgcc' '-mtune=generic' '-march=x86-64'
[2/2] Linking CXX executable cmTC_38492
Using built-in specs.
COLLECT_GCC=/usr/local/opt/gcc-5.3.0-64/bin/g++
COLLECT_LTO_WRAPPER=/usr/local/opt/gcc-5.3.0-64/libexec/gcc/x86_64-unknown-linux-gnu/5.3.0/lto-wrapper
Target: x86_64-unknown-linux-gnu
Configured with: ../gcc-5.3.0/configure --prefix=/usr/local/opt/gcc-5.3.0-64 --x-includes=/usr/local/X11R7/include --x-libraries=/usr/local/X11R7/lib --enable-tls --enable-languages=c,c++ --enable-multiarch --disable-bootstrap
Thread model: posix
gcc version 5.3.0 (GCC) 
COMPILER_PATH=/usr/local/opt/gcc-5.3.0-64/libexec/gcc/x86_64-unknown-linux-gnu/5.3.0/:/usr/local/opt/gcc-5.3.0-64/libexec/gcc/x86_64-unknown-linux-gnu/5.3.0/:/usr/local/opt/gcc-5.3.0-64/libexec/gcc/x86_64-unknown-linux-gnu/:/usr/local/opt/gcc-5.3.0-64/lib/gcc/x86_64-unknown-linux-gnu/5.3.0/:/usr/local/opt/gcc-5.3.0-64/lib/gcc/x86_64-unknown-linux-gnu/
LIBRARY_PATH=/usr/local/opt/gcc-5.3.0-64/lib/gcc/x86_64-unknown-linux-gnu/5.3.0/:/usr/local/opt/gcc-5.3.0-64/lib/gcc/x86_64-unknown-linux-gnu/5.3.0/../../../../lib64/:/lib/x86_64-linux-gnu/:/lib/../lib64/:/usr/lib/x86_64-linux-gnu/:/usr/lib/../lib64/:/usr/local/opt/gcc-5.3.0-64/lib/gcc/x86_64-unknown-linux-gnu/5.3.0/../../../:/lib/:/usr/lib/
COLLECT_GCC_OPTIONS='-v' '-rdynamic' '-o' 'cmTC_38492' '-shared-libgcc' '-mtune=generic' '-march=x86-64'
 /usr/local/opt/gcc-5.3.0-64/libexec/gcc/x86_64-unknown-linux-gnu/5.3.0/collect2 -plugin /usr/local/opt/gcc-5.3.0-64/libexec/gcc/x86_64-unknown-linux-gnu/5.3.0/liblto_plugin.so -plugin-opt=/usr/local/opt/gcc-5.3.0-64/libexec/gcc/x86_64-unknown-linux-gnu/5.3.0/lto-wrapper -plugin-opt=-fresolution=/tmp/ccIrkQmq.res -plugin-opt=-pass-through=-lgcc_s -plugin-opt=-pass-through=-lgcc -plugin-opt=-pass-through=-lc -plugin-opt=-pass-through=-lgcc_s -plugin-opt=-pass-through=-lgcc --eh-frame-hdr -m elf_x86_64 -export-dynamic -dynamic-linker /lib64/ld-linux-x86-64.so.2 -o cmTC_38492 /lib/x86_64-linux-gnu/crt1.o /lib/x86_64-linux-gnu/crti.o /usr/local/opt/gcc-5.3.0-64/lib/gcc/x86_64-unknown-linux-gnu/5.3.0/crtbegin.o -L/usr/local/opt/gcc-5.3.0-64/lib/gcc/x86_64-unknown-linux-gnu/5.3.0 -L/usr/local/opt/gcc-5.3.0-64/lib/gcc/x86_64-unknown-linux-gnu/5.3.0/../../../../lib64 -L/lib/x86_64-linux-gnu -L/lib/../lib64 -L/usr/lib/x86_64-linux-gnu -L/usr/lib/../lib64 -L/usr/local/opt/gcc-5.3.0-64/lib/gcc/x86_64-unknown-linux-gnu/5.3.0/../../.. CMakeFiles/cmTC_38492.dir/CMakeCXXCompilerABI.cpp.o -lstdc++ -lm -lgcc_s -lgcc -lc -lgcc_s -lgcc /usr/local/opt/gcc-5.3.0-64/lib/gcc/x86_64-unknown-linux-gnu/5.3.0/crtend.o /lib/x86_64-linux-gnu/crtn.o



Parsed CXX implicit include dir info from above output: rv=done
  found start of include info
  found start of implicit include info
    add: [/usr/local/opt/gcc-5.3.0-64/lib/gcc/x86_64-unknown-linux-gnu/5.3.0/../../../../include/c++/5.3.0]
    add: [/usr/local/opt/gcc-5.3.0-64/lib/gcc/x86_64-unknown-linux-gnu/5.3.0/../../../../include/c++/5.3.0/x86_64-unknown-linux-gnu]
    add: [/usr/local/opt/gcc-5.3.0-64/lib/gcc/x86_64-unknown-linux-gnu/5.3.0/../../../../include/c++/5.3.0/backward]
    add: [/usr/local/opt/gcc-5.3.0-64/lib/gcc/x86_64-unknown-linux-gnu/5.3.0/include]
    add: [/usr/local/include/x86_64-linux-gnu]
    add: [/usr/local/include]
    add: [/usr/local/opt/gcc-5.3.0-64/include]
    add: [/usr/local/opt/gcc-5.3.0-64/lib/gcc/x86_64-unknown-linux-gnu/5.3.0/include-fixed]
  end of search list found
  collapse include dir [/usr/local/opt/gcc-5.3.0-64/lib/gcc/x86_64-unknown-linux-gnu/5.3.0/../../../../include/c++/5.3.0] ==> [/usr/local/opt/gcc-5.3.0-64/include/c++/5.3.0]
  collapse include dir [/usr/local/opt/gcc-5.3.0-64/lib/gcc/x86_64-unknown-linux-gnu/5.3.0/../../../../include/c++/5.3.0/x86_64-unknown-linux-gnu] ==> [/usr/local/opt/gcc-5.3.0-64/include/c++/5.3.0/x86_64-unknown-linux-gnu]
  collapse include dir [/usr/local/opt/gcc-5.3.0-64/lib/gcc/x86_64-unknown-linux-gnu/5.3.0/../../../../include/c++/5.3.0/backward] ==> [/usr/local/opt/gcc-5.3.0-64/include/c++/5.3.0/backward]
  collapse include dir [/usr/local/opt/gcc-5.3.0-64/lib/gcc/x86_64-unknown-linux-gnu/5.3.0/include] ==> [/usr/local/opt/gcc-5.3.0-64/lib/gcc/x86_64-unknown-linux-gnu/5.3.0/include]
  collapse include dir [/usr/local/include/x86_64-linux-gnu] ==> [/usr/local/include/x86_64-linux-gnu]
  collapse include dir [/usr/local/include] ==> [/usr/local/include]
  collapse include dir [/usr/local/opt/gcc-5.3.0-64/include] ==> [/usr/local/opt/gcc-5.3.0-64/include]
  collapse include dir [/usr/local/opt/gcc-5.3.0-64/lib/gcc/x86_64-unknown-linux-gnu/5.3.0/include-fixed] ==> [/usr/local/opt/gcc-5.3.0-64/lib/gcc/x86_64-unknown-linux-gnu/5.3.0/include-fixed]
  implicit include dirs: [/usr/local/opt/gcc-5.3.0-64/include/c++/5.3.0;/usr/local/opt/gcc-5.3.0-64/include/c++/5.3.0/x86_64-unknown-linux-gnu;/usr/local/opt/gcc-5.3.0-64/include/c++/5.3.0/backward;/usr/local/opt/gcc-5.3.0-64/lib/gcc/x86_64-unknown-linux-gnu/5.3.0/include;/usr/local/include/x86_64-linux-gnu;/usr/local/include;/usr/local/opt/gcc-5.3.0-64/include;/usr/local/opt/gcc-5.3.0-64/lib/gcc/x86_64-unknown-linux-gnu/5.3.0/include-fixed]


Parsed CXX implicit link information from above output:
  link line regex: [^( *|.*[/\])(ld|CMAKE_LINK_STARTFILE-NOTFOUND|([^/\]+-)?ld|collect2)[^/\]*( |$)]
  ignore line: [Change Dir: /home/a52hepof/asignaturas/segundo/2t/ED_2023/build-packet_processor-Desktop_Qt_5_14_1_GCC_64bit-Debug/CMakeFiles/CMakeTmp]
  ignore line: []
  ignore line: [Run Build Command(s):/usr/local/bin/ninja cmTC_38492 && [1/2] Building CXX object CMakeFiles/cmTC_38492.dir/CMakeCXXCompilerABI.cpp.o]
  ignore line: [Using built-in specs.]
  ignore line: [COLLECT_GCC=/usr/local/opt/gcc-5.3.0-64/bin/g++]
  ignore line: [Target: x86_64-unknown-linux-gnu]
  ignore line: [Configured with: ../gcc-5.3.0/configure --prefix=/usr/local/opt/gcc-5.3.0-64 --x-includes=/usr/local/X11R7/include --x-libraries=/usr/local/X11R7/lib --enable-tls --enable-languages=c c++ --enable-multiarch --disable-bootstrap]
  ignore line: [Thread model: posix]
  ignore line: [gcc version 5.3.0 (GCC) ]
  ignore line: [COLLECT_GCC_OPTIONS='-v' '-o' 'CMakeFiles/cmTC_38492.dir/CMakeCXXCompilerABI.cpp.o' '-c' '-shared-libgcc' '-mtune=generic' '-march=x86-64']
  ignore line: [ /usr/local/opt/gcc-5.3.0-64/libexec/gcc/x86_64-unknown-linux-gnu/5.3.0/cc1plus -quiet -v -imultiarch x86_64-linux-gnu -D_GNU_SOURCE /usr/local/share/cmake-3.22/Modules/CMakeCXXCompilerABI.cpp -quiet -dumpbase CMakeCXXCompilerABI.cpp -mtune=generic -march=x86-64 -auxbase-strip CMakeFiles/cmTC_38492.dir/CMakeCXXCompilerABI.cpp.o -version -o /tmp/ccWuRe5n.s]
  ignore line: [GNU C++ (GCC) version 5.3.0 (x86_64-unknown-linux-gnu)]
  ignore line: [	compiled by GNU C version 5.3.0  GMP version 5.0.5  MPFR version 3.1.0  MPC version 0.9]
  ignore line: [warning: GMP header version 5.0.5 differs from library version 6.2.0.]
  ignore line: [GGC heuristics: --param ggc-min-expand=100 --param ggc-min-heapsize=131072]
  ignore line: [ignoring nonexistent directory "/usr/local/opt/gcc-5.3.0-64/lib/gcc/x86_64-unknown-linux-gnu/5.3.0/../../../../x86_64-unknown-linux-gnu/include"]
  ignore line: [ignoring duplicate directory "/usr/include/x86_64-linux-gnu"]
  ignore line: [ignoring duplicate directory "/usr/include"]
  ignore line: [#include "..." search starts here:]
  ignore line: [#include <...> search starts here:]
  ignore line: [ /usr/local/opt/gcc-5.3.0-64/lib/gcc/x86_64-unknown-linux-gnu/5.3.0/../../../../include/c++/5.3.0]
  ignore line: [ /usr/local/opt/gcc-5.3.0-64/lib/gcc/x86_64-unknown-linux-gnu/5.3.0/../../../../include/c++/5.3.0/x86_64-unknown-linux-gnu]
  ignore line: [ /usr/local/opt/gcc-5.3.0-64/lib/gcc/x86_64-unknown-linux-gnu/5.3.0/../../../../include/c++/5.3.0/backward]
  ignore line: [ /usr/local/opt/gcc-5.3.0-64/lib/gcc/x86_64-unknown-linux-gnu/5.3.0/include]
  ignore line: [ /usr/local/include/x86_64-linux-gnu]
  ignore line: [ /usr/local/include]
  ignore line: [ /usr/local/opt/gcc-5.3.0-64/include]
  ignore line: [ /usr/local/opt/gcc-5.3.0-64/lib/gcc/x86_64-unknown-linux-gnu/5.3.0/include-fixed]
  ignore line: [End of search list.]
  ignore line: [GNU C++ (GCC) version 5.3.0 (x86_64-unknown-linux-gnu)]
  ignore line: [	compiled by GNU C version 5.3.0  GMP version 5.0.5  MPFR version 3.1.0  MPC version 0.9]
  ignore line: [warning: GMP header version 5.0.5 differs from library version 6.2.0.]
  ignore line: [GGC heuristics: --param ggc-min-expand=100 --param ggc-min-heapsize=131072]
  ignore line: [Compiler executable checksum: dc03e6a28b05b26a335c9bd5fa4a156b]
  ignore line: [COLLECT_GCC_OPTIONS='-v' '-o' 'CMakeFiles/cmTC_38492.dir/CMakeCXXCompilerABI.cpp.o' '-c' '-shared-libgcc' '-mtune=generic' '-march=x86-64']
  ignore line: [ as -v --64 -o CMakeFiles/cmTC_38492.dir/CMakeCXXCompilerABI.cpp.o /tmp/ccWuRe5n.s]
  ignore line: [GNU assembler version 2.27 (x86_64-pc-linux-gnu) using BFD version (GNU Binutils) 2.27]
  ignore line: [COMPILER_PATH=/usr/local/opt/gcc-5.3.0-64/libexec/gcc/x86_64-unknown-linux-gnu/5.3.0/:/usr/local/opt/gcc-5.3.0-64/libexec/gcc/x86_64-unknown-linux-gnu/5.3.0/:/usr/local/opt/gcc-5.3.0-64/libexec/gcc/x86_64-unknown-linux-gnu/:/usr/local/opt/gcc-5.3.0-64/lib/gcc/x86_64-unknown-linux-gnu/5.3.0/:/usr/local/opt/gcc-5.3.0-64/lib/gcc/x86_64-unknown-linux-gnu/]
  ignore line: [LIBRARY_PATH=/usr/local/opt/gcc-5.3.0-64/lib/gcc/x86_64-unknown-linux-gnu/5.3.0/:/usr/local/opt/gcc-5.3.0-64/lib/gcc/x86_64-unknown-linux-gnu/5.3.0/../../../../lib64/:/lib/x86_64-linux-gnu/:/lib/../lib64/:/usr/lib/x86_64-linux-gnu/:/usr/lib/../lib64/:/usr/local/opt/gcc-5.3.0-64/lib/gcc/x86_64-unknown-linux-gnu/5.3.0/../../../:/lib/:/usr/lib/]
  ignore line: [COLLECT_GCC_OPTIONS='-v' '-o' 'CMakeFiles/cmTC_38492.dir/CMakeCXXCompilerABI.cpp.o' '-c' '-shared-libgcc' '-mtune=generic' '-march=x86-64']
  ignore line: [[2/2] Linking CXX executable cmTC_38492]
  ignore line: [Using built-in specs.]
  ignore line: [COLLECT_GCC=/usr/local/opt/gcc-5.3.0-64/bin/g++]
  ignore line: [COLLECT_LTO_WRAPPER=/usr/local/opt/gcc-5.3.0-64/libexec/gcc/x86_64-unknown-linux-gnu/5.3.0/lto-wrapper]
  ignore line: [Target: x86_64-unknown-linux-gnu]
  ignore line: [Configured with: ../gcc-5.3.0/configure --prefix=/usr/local/opt/gcc-5.3.0-64 --x-includes=/usr/local/X11R7/include --x-libraries=/usr/local/X11R7/lib --enable-tls --enable-languages=c c++ --enable-multiarch --disable-bootstrap]
  ignore line: [Thread model: posix]
  ignore line: [gcc version 5.3.0 (GCC) ]
  ignore line: [COMPILER_PATH=/usr/local/opt/gcc-5.3.0-64/libexec/gcc/x86_64-unknown-linux-gnu/5.3.0/:/usr/local/opt/gcc-5.3.0-64/libexec/gcc/x86_64-unknown-linux-gnu/5.3.0/:/usr/local/opt/gcc-5.3.0-64/libexec/gcc/x86_64-unknown-linux-gnu/:/usr/local/opt/gcc-5.3.0-64/lib/gcc/x86_64-unknown-linux-gnu/5.3.0/:/usr/local/opt/gcc-5.3.0-64/lib/gcc/x86_64-unknown-linux-gnu/]
  ignore line: [LIBRARY_PATH=/usr/local/opt/gcc-5.3.0-64/lib/gcc/x86_64-unknown-linux-gnu/5.3.0/:/usr/local/opt/gcc-5.3.0-64/lib/gcc/x86_64-unknown-linux-gnu/5.3.0/../../../../lib64/:/lib/x86_64-linux-gnu/:/lib/../lib64/:/usr/lib/x86_64-linux-gnu/:/usr/lib/../lib64/:/usr/local/opt/gcc-5.3.0-64/lib/gcc/x86_64-unknown-linux-gnu/5.3.0/../../../:/lib/:/usr/lib/]
  ignore line: [COLLECT_GCC_OPTIONS='-v' '-rdynamic' '-o' 'cmTC_38492' '-shared-libgcc' '-mtune=generic' '-march=x86-64']
  link line: [ /usr/local/opt/gcc-5.3.0-64/libexec/gcc/x86_64-unknown-linux-gnu/5.3.0/collect2 -plugin /usr/local/opt/gcc-5.3.0-64/libexec/gcc/x86_64-unknown-linux-gnu/5.3.0/liblto_plugin.so -plugin-opt=/usr/local/opt/gcc-5.3.0-64/libexec/gcc/x86_64-unknown-linux-gnu/5.3.0/lto-wrapper -plugin-opt=-fresolution=/tmp/ccIrkQmq.res -plugin-opt=-pass-through=-lgcc_s -plugin-opt=-pass-through=-lgcc -plugin-opt=-pass-through=-lc -plugin-opt=-pass-through=-lgcc_s -plugin-opt=-pass-through=-lgcc --eh-frame-hdr -m elf_x86_64 -export-dynamic -dynamic-linker /lib64/ld-linux-x86-64.so.2 -o cmTC_38492 /lib/x86_64-linux-gnu/crt1.o /lib/x86_64-linux-gnu/crti.o /usr/local/opt/gcc-5.3.0-64/lib/gcc/x86_64-unknown-linux-gnu/5.3.0/crtbegin.o -L/usr/local/opt/gcc-5.3.0-64/lib/gcc/x86_64-unknown-linux-gnu/5.3.0 -L/usr/local/opt/gcc-5.3.0-64/lib/gcc/x86_64-unknown-linux-gnu/5.3.0/../../../../lib64 -L/lib/x86_64-linux-gnu -L/lib/../lib64 -L/usr/lib/x86_64-linux-gnu -L/usr/lib/../lib64 -L/usr/local/opt/gcc-5.3.0-64/lib/gcc/x86_64-unknown-linux-gnu/5.3.0/../../.. CMakeFiles/cmTC_38492.dir/CMakeCXXCompilerABI.cpp.o -lstdc++ -lm -lgcc_s -lgcc -lc -lgcc_s -lgcc /usr/local/opt/gcc-5.3.0-64/lib/gcc/x86_64-unknown-linux-gnu/5.3.0/crtend.o /lib/x86_64-linux-gnu/crtn.o]
    arg [/usr/local/opt/gcc-5.3.0-64/libexec/gcc/x86_64-unknown-linux-gnu/5.3.0/collect2] ==> ignore
    arg [-plugin] ==> ignore
    arg [/usr/local/opt/gcc-5.3.0-64/libexec/gcc/x86_64-unknown-linux-gnu/5.3.0/liblto_plugin.so] ==> ignore
    arg [-plugin-opt=/usr/local/opt/gcc-5.3.0-64/libexec/gcc/x86_64-unknown-linux-gnu/5.3.0/lto-wrapper] ==> ignore
    arg [-plugin-opt=-fresolution=/tmp/ccIrkQmq.res] ==> ignore
    arg [-plugin-opt=-pass-through=-lgcc_s] ==> ignore
    arg [-plugin-opt=-pass-through=-lgcc] ==> ignore
    arg [-plugin-opt=-pass-through=-lc] ==> ignore
    arg [-plugin-opt=-pass-through=-lgcc_s] ==> ignore
    arg [-plugin-opt=-pass-through=-lgcc] ==> ignore
    arg [--eh-frame-hdr] ==> ignore
    arg [-m] ==> ignore
    arg [elf_x86_64] ==> ignore
    arg [-export-dynamic] ==> ignore
    arg [-dynamic-linker] ==> ignore
    arg [/lib64/ld-linux-x86-64.so.2] ==> ignore
    arg [-o] ==> ignore
    arg [cmTC_38492] ==> ignore
    arg [/lib/x86_64-linux-gnu/crt1.o] ==> obj [/lib/x86_64-linux-gnu/crt1.o]
    arg [/lib/x86_64-linux-gnu/crti.o] ==> obj [/lib/x86_64-linux-gnu/crti.o]
    arg [/usr/local/opt/gcc-5.3.0-64/lib/gcc/x86_64-unknown-linux-gnu/5.3.0/crtbegin.o] ==> obj [/usr/local/opt/gcc-5.3.0-64/lib/gcc/x86_64-unknown-linux-gnu/5.3.0/crtbegin.o]
    arg [-L/usr/local/opt/gcc-5.3.0-64/lib/gcc/x86_64-unknown-linux-gnu/5.3.0] ==> dir [/usr/local/opt/gcc-5.3.0-64/lib/gcc/x86_64-unknown-linux-gnu/5.3.0]
    arg [-L/usr/local/opt/gcc-5.3.0-64/lib/gcc/x86_64-unknown-linux-gnu/5.3.0/../../../../lib64] ==> dir [/usr/local/opt/gcc-5.3.0-64/lib/gcc/x86_64-unknown-linux-gnu/5.3.0/../../../../lib64]
    arg [-L/lib/x86_64-linux-gnu] ==> dir [/lib/x86_64-linux-gnu]
    arg [-L/lib/../lib64] ==> dir [/lib/../lib64]
    arg [-L/usr/lib/x86_64-linux-gnu] ==> dir [/usr/lib/x86_64-linux-gnu]
    arg [-L/usr/lib/../lib64] ==> dir [/usr/lib/../lib64]
    arg [-L/usr/local/opt/gcc-5.3.0-64/lib/gcc/x86_64-unknown-linux-gnu/5.3.0/../../..] ==> dir [/usr/local/opt/gcc-5.3.0-64/lib/gcc/x86_64-unknown-linux-gnu/5.3.0/../../..]
    arg [CMakeFiles/cmTC_38492.dir/CMakeCXXCompilerABI.cpp.o] ==> ignore
    arg [-lstdc++] ==> lib [stdc++]
    arg [-lm] ==> lib [m]
    arg [-lgcc_s] ==> lib [gcc_s]
    arg [-lgcc] ==> lib [gcc]
    arg [-lc] ==> lib [c]
    arg [-lgcc_s] ==> lib [gcc_s]
    arg [-lgcc] ==> lib [gcc]
    arg [/usr/local/opt/gcc-5.3.0-64/lib/gcc/x86_64-unknown-linux-gnu/5.3.0/crtend.o] ==> obj [/usr/local/opt/gcc-5.3.0-64/lib/gcc/x86_64-unknown-linux-gnu/5.3.0/crtend.o]
    arg [/lib/x86_64-linux-gnu/crtn.o] ==> obj [/lib/x86_64-linux-gnu/crtn.o]
  collapse library dir [/usr/local/opt/gcc-5.3.0-64/lib/gcc/x86_64-unknown-linux-gnu/5.3.0] ==> [/usr/local/opt/gcc-5.3.0-64/lib/gcc/x86_64-unknown-linux-gnu/5.3.0]
  collapse library dir [/usr/local/opt/gcc-5.3.0-64/lib/gcc/x86_64-unknown-linux-gnu/5.3.0/../../../../lib64] ==> [/usr/local/opt/gcc-5.3.0-64/lib64]
  collapse library dir [/lib/x86_64-linux-gnu] ==> [/lib/x86_64-linux-gnu]
  collapse library dir [/lib/../lib64] ==> [/lib64]
  collapse library dir [/usr/lib/x86_64-linux-gnu] ==> [/usr/lib/x86_64-linux-gnu]
  collapse library dir [/usr/lib/../lib64] ==> [/usr/lib64]
  collapse library dir [/usr/local/opt/gcc-5.3.0-64/lib/gcc/x86_64-unknown-linux-gnu/5.3.0/../../..] ==> [/usr/local/opt/gcc-5.3.0-64/lib]
  implicit libs: [stdc++;m;gcc_s;gcc;c;gcc_s;gcc]
  implicit objs: [/lib/x86_64-linux-gnu/crt1.o;/lib/x86_64-linux-gnu/crti.o;/usr/local/opt/gcc-5.3.0-64/lib/gcc/x86_64-unknown-linux-gnu/5.3.0/crtbegin.o;/usr/local/opt/gcc-5.3.0-64/lib/gcc/x86_64-unknown-linux-gnu/5.3.0/crtend.o;/lib/x86_64-linux-gnu/crtn.o]
  implicit dirs: [/usr/local/opt/gcc-5.3.0-64/lib/gcc/x86_64-unknown-linux-gnu/5.3.0;/usr/local/opt/gcc-5.3.0-64/lib64;/lib/x86_64-linux-gnu;/lib64;/usr/lib/x86_64-linux-gnu;/usr/lib64;/usr/local/opt/gcc-5.3.0-64/lib]
  implicit fwks: []


